#-----------------------------------------------------------
# Vivado v2019.2 (64-bit)
# SW Build 2708876 on Wed Nov  6 21:40:23 MST 2019
# IP Build 2700528 on Thu Nov  7 00:09:20 MST 2019
# Start of session at: Wed May 19 07:41:50 2021
# Process ID: 13420
# Current directory: C:/Users/ADAM/Desktop/ENEL373 Digital Electronics and Devices/CalculatorProject/CalculatorProject
# Command line: vivado.exe -gui_launcher_event rodinguilauncherevent2616 C:\Users\ADAM\Desktop\ENEL373 Digital Electronics and Devices\CalculatorProject\CalculatorProject\CalculatorProject.xpr
# Log file: C:/Users/ADAM/Desktop/ENEL373 Digital Electronics and Devices/CalculatorProject/CalculatorProject/vivado.log
# Journal file: C:/Users/ADAM/Desktop/ENEL373 Digital Electronics and Devices/CalculatorProject/CalculatorProject\vivado.jou
#-----------------------------------------------------------
start_gui
open_project {C:/Users/ADAM/Desktop/ENEL373 Digital Electronics and Devices/CalculatorProject/CalculatorProject/CalculatorProject.xpr}
INFO: [ProjectBase 1-489] The host OS only allows 260 characters in a normal path. The project is stored in a path with more than 80 characters. If you experience issues with IP, Block Designs, or files not being found, please consider moving the project to a location with a shorter path. Alternately consider using the OS subst command to map part of the path to a drive letter.
Current project path is 'C:/Users/ADAM/Desktop/ENEL373 Digital Electronics and Devices/CalculatorProject/CalculatorProject'
Scanning sources...
Finished scanning sources
INFO: [IP_Flow 19-234] Refreshing IP repositories
INFO: [IP_Flow 19-1704] No user IP repositories specified
INFO: [IP_Flow 19-2313] Loaded Vivado IP repository 'C:/Xilinx/Vivado/2019.2/data/ip'.
open_project: Time (s): cpu = 00:00:14 ; elapsed = 00:00:05 . Memory (MB): peak = 744.273 ; gain = 77.766
update_compile_order -fileset sources_1
update_compile_order -fileset sources_1
reset_run synth_1
launch_runs impl_1 -jobs 4
[Wed May 19 07:51:37 2021] Launched synth_1...
Run output will be captured here: C:/Users/ADAM/Desktop/ENEL373 Digital Electronics and Devices/CalculatorProject/CalculatorProject/CalculatorProject.runs/synth_1/runme.log
[Wed May 19 07:51:37 2021] Launched impl_1...
Run output will be captured here: C:/Users/ADAM/Desktop/ENEL373 Digital Electronics and Devices/CalculatorProject/CalculatorProject/CalculatorProject.runs/impl_1/runme.log
reset_run synth_1
launch_runs impl_1 -jobs 4
[Wed May 19 07:57:31 2021] Launched synth_1...
Run output will be captured here: C:/Users/ADAM/Desktop/ENEL373 Digital Electronics and Devices/CalculatorProject/CalculatorProject/CalculatorProject.runs/synth_1/runme.log
[Wed May 19 07:57:31 2021] Launched impl_1...
Run output will be captured here: C:/Users/ADAM/Desktop/ENEL373 Digital Electronics and Devices/CalculatorProject/CalculatorProject/CalculatorProject.runs/impl_1/runme.log
reset_run synth_1
launch_runs impl_1 -jobs 4
[Wed May 19 08:00:30 2021] Launched synth_1...
Run output will be captured here: C:/Users/ADAM/Desktop/ENEL373 Digital Electronics and Devices/CalculatorProject/CalculatorProject/CalculatorProject.runs/synth_1/runme.log
[Wed May 19 08:00:30 2021] Launched impl_1...
Run output will be captured here: C:/Users/ADAM/Desktop/ENEL373 Digital Electronics and Devices/CalculatorProject/CalculatorProject/CalculatorProject.runs/impl_1/runme.log
update_compile_order -fileset sources_1
reset_run synth_1
launch_runs impl_1 -jobs 4
[Wed May 19 08:26:39 2021] Launched synth_1...
Run output will be captured here: C:/Users/ADAM/Desktop/ENEL373 Digital Electronics and Devices/CalculatorProject/CalculatorProject/CalculatorProject.runs/synth_1/runme.log
[Wed May 19 08:26:39 2021] Launched impl_1...
Run output will be captured here: C:/Users/ADAM/Desktop/ENEL373 Digital Electronics and Devices/CalculatorProject/CalculatorProject/CalculatorProject.runs/impl_1/runme.log
reset_run synth_1
launch_runs impl_1 -to_step write_bitstream -jobs 4
[Wed May 19 08:29:27 2021] Launched synth_1...
Run output will be captured here: C:/Users/ADAM/Desktop/ENEL373 Digital Electronics and Devices/CalculatorProject/CalculatorProject/CalculatorProject.runs/synth_1/runme.log
[Wed May 19 08:29:27 2021] Launched impl_1...
Run output will be captured here: C:/Users/ADAM/Desktop/ENEL373 Digital Electronics and Devices/CalculatorProject/CalculatorProject/CalculatorProject.runs/impl_1/runme.log
reset_run synth_1
launch_runs impl_1 -jobs 4
[Wed May 19 08:35:51 2021] Launched synth_1...
Run output will be captured here: C:/Users/ADAM/Desktop/ENEL373 Digital Electronics and Devices/CalculatorProject/CalculatorProject/CalculatorProject.runs/synth_1/runme.log
[Wed May 19 08:35:51 2021] Launched impl_1...
Run output will be captured here: C:/Users/ADAM/Desktop/ENEL373 Digital Electronics and Devices/CalculatorProject/CalculatorProject/CalculatorProject.runs/impl_1/runme.log
launch_runs impl_1 -to_step write_bitstream -jobs 4
[Wed May 19 09:14:18 2021] Launched impl_1...
Run output will be captured here: C:/Users/ADAM/Desktop/ENEL373 Digital Electronics and Devices/CalculatorProject/CalculatorProject/CalculatorProject.runs/impl_1/runme.log
close [ open {C:/Users/ADAM/Desktop/ENEL373 Digital Electronics and Devices/CalculatorProject/CalculatorProject/CalculatorProject.srcs/sources_1/new/Register28.vhd} w ]
add_files {{C:/Users/ADAM/Desktop/ENEL373 Digital Electronics and Devices/CalculatorProject/CalculatorProject/CalculatorProject.srcs/sources_1/new/Register28.vhd}}
update_compile_order -fileset sources_1
update_compile_order -fileset sources_1
close [ open {C:/Users/ADAM/Desktop/ENEL373 Digital Electronics and Devices/CalculatorProject/CalculatorProject/CalculatorProject.srcs/sources_1/new/ALU28.vhd} w ]
add_files {{C:/Users/ADAM/Desktop/ENEL373 Digital Electronics and Devices/CalculatorProject/CalculatorProject/CalculatorProject.srcs/sources_1/new/ALU28.vhd}}
update_compile_order -fileset sources_1
update_compile_order -fileset sources_1
reset_run synth_1
launch_runs impl_1 -jobs 4
[Wed May 19 09:50:54 2021] Launched synth_1...
Run output will be captured here: C:/Users/ADAM/Desktop/ENEL373 Digital Electronics and Devices/CalculatorProject/CalculatorProject/CalculatorProject.runs/synth_1/runme.log
[Wed May 19 09:50:54 2021] Launched impl_1...
Run output will be captured here: C:/Users/ADAM/Desktop/ENEL373 Digital Electronics and Devices/CalculatorProject/CalculatorProject/CalculatorProject.runs/impl_1/runme.log
reset_run synth_1
launch_runs synth_1 -jobs 4
[Wed May 19 09:52:36 2021] Launched synth_1...
Run output will be captured here: C:/Users/ADAM/Desktop/ENEL373 Digital Electronics and Devices/CalculatorProject/CalculatorProject/CalculatorProject.runs/synth_1/runme.log
reset_run synth_1
launch_runs synth_1 -jobs 4
[Wed May 19 09:53:21 2021] Launched synth_1...
Run output will be captured here: C:/Users/ADAM/Desktop/ENEL373 Digital Electronics and Devices/CalculatorProject/CalculatorProject/CalculatorProject.runs/synth_1/runme.log
reset_run synth_1
launch_runs synth_1 -jobs 4
[Wed May 19 09:55:54 2021] Launched synth_1...
Run output will be captured here: C:/Users/ADAM/Desktop/ENEL373 Digital Electronics and Devices/CalculatorProject/CalculatorProject/CalculatorProject.runs/synth_1/runme.log
reset_run synth_1
launch_runs synth_1 -jobs 4
[Wed May 19 09:56:28 2021] Launched synth_1...
Run output will be captured here: C:/Users/ADAM/Desktop/ENEL373 Digital Electronics and Devices/CalculatorProject/CalculatorProject/CalculatorProject.runs/synth_1/runme.log
launch_runs impl_1 -to_step write_bitstream -jobs 4
[Wed May 19 09:57:58 2021] Launched impl_1...
Run output will be captured here: C:/Users/ADAM/Desktop/ENEL373 Digital Electronics and Devices/CalculatorProject/CalculatorProject/CalculatorProject.runs/impl_1/runme.log
reset_run synth_1
launch_runs impl_1 -to_step write_bitstream -jobs 4
[Wed May 19 10:06:55 2021] Launched synth_1...
Run output will be captured here: C:/Users/ADAM/Desktop/ENEL373 Digital Electronics and Devices/CalculatorProject/CalculatorProject/CalculatorProject.runs/synth_1/runme.log
[Wed May 19 10:06:55 2021] Launched impl_1...
Run output will be captured here: C:/Users/ADAM/Desktop/ENEL373 Digital Electronics and Devices/CalculatorProject/CalculatorProject/CalculatorProject.runs/impl_1/runme.log
reset_run synth_1
launch_runs synth_1 -jobs 4
[Wed May 19 10:17:45 2021] Launched synth_1...
Run output will be captured here: C:/Users/ADAM/Desktop/ENEL373 Digital Electronics and Devices/CalculatorProject/CalculatorProject/CalculatorProject.runs/synth_1/runme.log
launch_runs impl_1 -to_step write_bitstream -jobs 4
[Wed May 19 10:18:51 2021] Launched impl_1...
Run output will be captured here: C:/Users/ADAM/Desktop/ENEL373 Digital Electronics and Devices/CalculatorProject/CalculatorProject/CalculatorProject.runs/impl_1/runme.log
reset_run synth_1
launch_runs impl_1 -to_step write_bitstream -jobs 4
[Wed May 19 10:27:37 2021] Launched synth_1...
Run output will be captured here: C:/Users/ADAM/Desktop/ENEL373 Digital Electronics and Devices/CalculatorProject/CalculatorProject/CalculatorProject.runs/synth_1/runme.log
[Wed May 19 10:27:37 2021] Launched impl_1...
Run output will be captured here: C:/Users/ADAM/Desktop/ENEL373 Digital Electronics and Devices/CalculatorProject/CalculatorProject/CalculatorProject.runs/impl_1/runme.log
exit
INFO: [Common 17-206] Exiting Vivado at Wed May 19 10:34:27 2021...
