#-----------------------------------------------------------
# Vivado v2019.2 (64-bit)
# SW Build 2708876 on Wed Nov  6 21:40:23 MST 2019
# IP Build 2700528 on Thu Nov  7 00:09:20 MST 2019
# Start of session at: Wed May 19 10:36:06 2021
# Process ID: 504
# Current directory: C:/Users/ADAM/Desktop/ENEL373 Digital Electronics and Devices/CalculatorProject/CalculatorProject
# Command line: vivado.exe -gui_launcher_event rodinguilauncherevent13280 C:\Users\ADAM\Desktop\ENEL373 Digital Electronics and Devices\CalculatorProject\CalculatorProject\CalculatorProject.xpr
# Log file: C:/Users/ADAM/Desktop/ENEL373 Digital Electronics and Devices/CalculatorProject/CalculatorProject/vivado.log
# Journal file: C:/Users/ADAM/Desktop/ENEL373 Digital Electronics and Devices/CalculatorProject/CalculatorProject\vivado.jou
#-----------------------------------------------------------
start_gui
open_project {C:/Users/ADAM/Desktop/ENEL373 Digital Electronics and Devices/CalculatorProject/CalculatorProject/CalculatorProject.xpr}
INFO: [ProjectBase 1-489] The host OS only allows 260 characters in a normal path. The project is stored in a path with more than 80 characters. If you experience issues with IP, Block Designs, or files not being found, please consider moving the project to a location with a shorter path. Alternately consider using the OS subst command to map part of the path to a drive letter.
Current project path is 'C:/Users/ADAM/Desktop/ENEL373 Digital Electronics and Devices/CalculatorProject/CalculatorProject'
Scanning sources...
Finished scanning sources
INFO: [IP_Flow 19-234] Refreshing IP repositories
INFO: [IP_Flow 19-1704] No user IP repositories specified
INFO: [IP_Flow 19-2313] Loaded Vivado IP repository 'C:/Xilinx/Vivado/2019.2/data/ip'.
open_project: Time (s): cpu = 00:00:15 ; elapsed = 00:00:06 . Memory (MB): peak = 736.957 ; gain = 102.875
update_compile_order -fileset sources_1
open_hw_manager
connect_hw_server -allow_non_jtag
INFO: [Labtools 27-2285] Connecting to hw_server url TCP:localhost:3121
INFO: [Labtools 27-2222] Launching hw_server...
INFO: [Labtools 27-2221] Launch Output:

****** Xilinx hw_server v2019.2
  **** Build date : Nov  6 2019 at 22:12:23
    ** Copyright 1986-2019 Xilinx, Inc. All Rights Reserved.


INFO: [Labtools 27-3415] Connecting to cs_server url TCP:localhost:3042
INFO: [Labtools 27-3417] Launching cs_server...
INFO: [Labtools 27-2221] Launch Output:


****** Xilinx cs_server v2019.2.0
  **** Build date : Nov 07 2019-18:28:22
    ** Copyright 2017-2019 Xilinx, Inc. All Rights Reserved.



connect_hw_server: Time (s): cpu = 00:00:03 ; elapsed = 00:00:22 . Memory (MB): peak = 798.555 ; gain = 1.004
open_hw_target
INFO: [Labtoolstcl 44-466] Opening hw_target localhost:3121/xilinx_tcf/Digilent/210292742515A
open_hw_target: Time (s): cpu = 00:00:07 ; elapsed = 00:00:06 . Memory (MB): peak = 2045.027 ; gain = 1246.473
set_property PROGRAM.FILE {C:/Users/ADAM/Desktop/ENEL373 Digital Electronics and Devices/CalculatorProject/CalculatorProject/CalculatorProject.runs/impl_1/CalculatorProject.bit} [get_hw_devices xc7a100t_0]
current_hw_device [get_hw_devices xc7a100t_0]
refresh_hw_device -update_hw_probes false [lindex [get_hw_devices xc7a100t_0] 0]
INFO: [Labtools 27-1435] Device xc7a100t (JTAG device index = 0) is not programmed (DONE status = 0).
set_property PROBES.FILE {} [get_hw_devices xc7a100t_0]
set_property FULL_PROBES.FILE {} [get_hw_devices xc7a100t_0]
set_property PROGRAM.FILE {C:/Users/ADAM/Desktop/ENEL373 Digital Electronics and Devices/CalculatorProject/CalculatorProject/CalculatorProject.runs/impl_1/CalculatorProject.bit} [get_hw_devices xc7a100t_0]
program_hw_devices [get_hw_devices xc7a100t_0]
INFO: [Labtools 27-3164] End of startup status: HIGH
refresh_hw_device [lindex [get_hw_devices xc7a100t_0] 0]
INFO: [Labtools 27-1434] Device xc7a100t (JTAG device index = 0) is programmed with a design that has no supported debug core(s) in it.
reset_run synth_1
launch_runs impl_1 -to_step write_bitstream -jobs 4
[Wed May 19 10:43:24 2021] Launched synth_1...
Run output will be captured here: C:/Users/ADAM/Desktop/ENEL373 Digital Electronics and Devices/CalculatorProject/CalculatorProject/CalculatorProject.runs/synth_1/runme.log
[Wed May 19 10:43:25 2021] Launched impl_1...
Run output will be captured here: C:/Users/ADAM/Desktop/ENEL373 Digital Electronics and Devices/CalculatorProject/CalculatorProject/CalculatorProject.runs/impl_1/runme.log
set_property PROBES.FILE {} [get_hw_devices xc7a100t_0]
set_property FULL_PROBES.FILE {} [get_hw_devices xc7a100t_0]
set_property PROGRAM.FILE {C:/Users/ADAM/Desktop/ENEL373 Digital Electronics and Devices/CalculatorProject/CalculatorProject/CalculatorProject.runs/impl_1/CalculatorProject.bit} [get_hw_devices xc7a100t_0]
program_hw_devices [get_hw_devices xc7a100t_0]
INFO: [Labtools 27-3164] End of startup status: HIGH
refresh_hw_device [lindex [get_hw_devices xc7a100t_0] 0]
INFO: [Labtools 27-1434] Device xc7a100t (JTAG device index = 0) is programmed with a design that has no supported debug core(s) in it.
reset_run synth_1
launch_runs impl_1 -to_step write_bitstream -jobs 4
[Wed May 19 10:49:47 2021] Launched synth_1...
Run output will be captured here: C:/Users/ADAM/Desktop/ENEL373 Digital Electronics and Devices/CalculatorProject/CalculatorProject/CalculatorProject.runs/synth_1/runme.log
[Wed May 19 10:49:47 2021] Launched impl_1...
Run output will be captured here: C:/Users/ADAM/Desktop/ENEL373 Digital Electronics and Devices/CalculatorProject/CalculatorProject/CalculatorProject.runs/impl_1/runme.log
set_property PROBES.FILE {} [get_hw_devices xc7a100t_0]
set_property FULL_PROBES.FILE {} [get_hw_devices xc7a100t_0]
set_property PROGRAM.FILE {C:/Users/ADAM/Desktop/ENEL373 Digital Electronics and Devices/CalculatorProject/CalculatorProject/CalculatorProject.runs/impl_1/CalculatorProject.bit} [get_hw_devices xc7a100t_0]
program_hw_devices [get_hw_devices xc7a100t_0]
INFO: [Labtools 27-3164] End of startup status: HIGH
refresh_hw_device [lindex [get_hw_devices xc7a100t_0] 0]
INFO: [Labtools 27-1434] Device xc7a100t (JTAG device index = 0) is programmed with a design that has no supported debug core(s) in it.
update_compile_order -fileset sources_1
update_compile_order -fileset sources_1
reset_run synth_1
launch_runs impl_1 -to_step write_bitstream -jobs 4
[Wed May 19 11:02:07 2021] Launched synth_1...
Run output will be captured here: C:/Users/ADAM/Desktop/ENEL373 Digital Electronics and Devices/CalculatorProject/CalculatorProject/CalculatorProject.runs/synth_1/runme.log
[Wed May 19 11:02:07 2021] Launched impl_1...
Run output will be captured here: C:/Users/ADAM/Desktop/ENEL373 Digital Electronics and Devices/CalculatorProject/CalculatorProject/CalculatorProject.runs/impl_1/runme.log
reset_run synth_1
launch_runs synth_1 -jobs 4
[Wed May 19 11:07:12 2021] Launched synth_1...
Run output will be captured here: C:/Users/ADAM/Desktop/ENEL373 Digital Electronics and Devices/CalculatorProject/CalculatorProject/CalculatorProject.runs/synth_1/runme.log
reset_run synth_1
launch_runs synth_1 -jobs 4
[Wed May 19 11:08:22 2021] Launched synth_1...
Run output will be captured here: C:/Users/ADAM/Desktop/ENEL373 Digital Electronics and Devices/CalculatorProject/CalculatorProject/CalculatorProject.runs/synth_1/runme.log
launch_runs impl_1 -jobs 4
[Wed May 19 11:10:05 2021] Launched impl_1...
Run output will be captured here: C:/Users/ADAM/Desktop/ENEL373 Digital Electronics and Devices/CalculatorProject/CalculatorProject/CalculatorProject.runs/impl_1/runme.log
launch_runs impl_1 -to_step write_bitstream -jobs 4
[Wed May 19 11:12:55 2021] Launched impl_1...
Run output will be captured here: C:/Users/ADAM/Desktop/ENEL373 Digital Electronics and Devices/CalculatorProject/CalculatorProject/CalculatorProject.runs/impl_1/runme.log
set_property PROBES.FILE {} [get_hw_devices xc7a100t_0]
set_property FULL_PROBES.FILE {} [get_hw_devices xc7a100t_0]
set_property PROGRAM.FILE {C:/Users/ADAM/Desktop/ENEL373 Digital Electronics and Devices/CalculatorProject/CalculatorProject/CalculatorProject.runs/impl_1/CalculatorProject.bit} [get_hw_devices xc7a100t_0]
program_hw_devices [get_hw_devices xc7a100t_0]
INFO: [Labtools 27-3164] End of startup status: HIGH
refresh_hw_device [lindex [get_hw_devices xc7a100t_0] 0]
INFO: [Labtools 27-1434] Device xc7a100t (JTAG device index = 0) is programmed with a design that has no supported debug core(s) in it.
reset_run synth_1
launch_runs impl_1 -to_step write_bitstream -jobs 4
[Wed May 19 11:15:32 2021] Launched synth_1...
Run output will be captured here: C:/Users/ADAM/Desktop/ENEL373 Digital Electronics and Devices/CalculatorProject/CalculatorProject/CalculatorProject.runs/synth_1/runme.log
[Wed May 19 11:15:32 2021] Launched impl_1...
Run output will be captured here: C:/Users/ADAM/Desktop/ENEL373 Digital Electronics and Devices/CalculatorProject/CalculatorProject/CalculatorProject.runs/impl_1/runme.log
reset_run impl_1 -prev_step 
launch_runs impl_1 -to_step write_bitstream -jobs 4
[Wed May 19 11:24:56 2021] Launched impl_1...
Run output will be captured here: C:/Users/ADAM/Desktop/ENEL373 Digital Electronics and Devices/CalculatorProject/CalculatorProject/CalculatorProject.runs/impl_1/runme.log
reset_run impl_1
reset_run synth_1
launch_runs impl_1 -to_step write_bitstream -jobs 4
[Wed May 19 11:26:37 2021] Launched synth_1...
Run output will be captured here: C:/Users/ADAM/Desktop/ENEL373 Digital Electronics and Devices/CalculatorProject/CalculatorProject/CalculatorProject.runs/synth_1/runme.log
[Wed May 19 11:26:37 2021] Launched impl_1...
Run output will be captured here: C:/Users/ADAM/Desktop/ENEL373 Digital Electronics and Devices/CalculatorProject/CalculatorProject/CalculatorProject.runs/impl_1/runme.log
set_property PROBES.FILE {} [get_hw_devices xc7a100t_0]
set_property FULL_PROBES.FILE {} [get_hw_devices xc7a100t_0]
set_property PROGRAM.FILE {C:/Users/ADAM/Desktop/ENEL373 Digital Electronics and Devices/CalculatorProject/CalculatorProject/CalculatorProject.runs/impl_1/CalculatorProject.bit} [get_hw_devices xc7a100t_0]
program_hw_devices [get_hw_devices xc7a100t_0]
INFO: [Labtools 27-3164] End of startup status: HIGH
refresh_hw_device [lindex [get_hw_devices xc7a100t_0] 0]
INFO: [Labtools 27-1434] Device xc7a100t (JTAG device index = 0) is programmed with a design that has no supported debug core(s) in it.
set_property PROBES.FILE {} [get_hw_devices xc7a100t_0]
set_property FULL_PROBES.FILE {} [get_hw_devices xc7a100t_0]
set_property PROGRAM.FILE {C:/Users/ADAM/Desktop/ENEL373 Digital Electronics and Devices/CalculatorProject/CalculatorProject/CalculatorProject.runs/impl_1/CalculatorProject.bit} [get_hw_devices xc7a100t_0]
program_hw_devices [get_hw_devices xc7a100t_0]
INFO: [Labtools 27-3164] End of startup status: HIGH
refresh_hw_device [lindex [get_hw_devices xc7a100t_0] 0]
INFO: [Labtools 27-1434] Device xc7a100t (JTAG device index = 0) is programmed with a design that has no supported debug core(s) in it.
close_hw_manager
open_hw_manager
connect_hw_server -allow_non_jtag
INFO: [Labtools 27-2285] Connecting to hw_server url TCP:localhost:3121
INFO: [Labtools 27-2222] Launching hw_server...
INFO: [Labtools 27-2221] Launch Output:

****** Xilinx hw_server v2019.2
  **** Build date : Nov  6 2019 at 22:12:23
    ** Copyright 1986-2019 Xilinx, Inc. All Rights Reserved.


INFO: [Labtools 27-3415] Connecting to cs_server url TCP:localhost:3042
INFO: [Labtools 27-3417] Launching cs_server...
INFO: [Labtools 27-2221] Launch Output:


****** Xilinx cs_server v2019.2.0
  **** Build date : Nov 07 2019-18:28:22
    ** Copyright 2017-2019 Xilinx, Inc. All Rights Reserved.



connect_hw_server: Time (s): cpu = 00:00:01 ; elapsed = 00:00:14 . Memory (MB): peak = 2907.180 ; gain = 0.000
open_hw_target
INFO: [Labtoolstcl 44-466] Opening hw_target localhost:3121/xilinx_tcf/Digilent/210292AA7C69A
set_property PROGRAM.FILE {C:/Users/ADAM/Desktop/ENEL373 Digital Electronics and Devices/CalculatorProject/CalculatorProject/CalculatorProject.runs/impl_1/CalculatorProject.bit} [get_hw_devices xc7a100t_0]
current_hw_device [get_hw_devices xc7a100t_0]
refresh_hw_device -update_hw_probes false [lindex [get_hw_devices xc7a100t_0] 0]
INFO: [Labtools 27-1434] Device xc7a100t (JTAG device index = 0) is programmed with a design that has no supported debug core(s) in it.
set_property PROBES.FILE {} [get_hw_devices xc7a100t_0]
set_property FULL_PROBES.FILE {} [get_hw_devices xc7a100t_0]
set_property PROGRAM.FILE {C:/Users/ADAM/Desktop/ENEL373 Digital Electronics and Devices/CalculatorProject/CalculatorProject/CalculatorProject.runs/impl_1/CalculatorProject.bit} [get_hw_devices xc7a100t_0]
program_hw_devices [get_hw_devices xc7a100t_0]
INFO: [Labtools 27-3164] End of startup status: HIGH
refresh_hw_device [lindex [get_hw_devices xc7a100t_0] 0]
INFO: [Labtools 27-1434] Device xc7a100t (JTAG device index = 0) is programmed with a design that has no supported debug core(s) in it.
reset_run synth_1
launch_runs impl_1 -to_step write_bitstream -jobs 4
[Wed May 19 12:01:38 2021] Launched synth_1...
Run output will be captured here: C:/Users/ADAM/Desktop/ENEL373 Digital Electronics and Devices/CalculatorProject/CalculatorProject/CalculatorProject.runs/synth_1/runme.log
[Wed May 19 12:01:38 2021] Launched impl_1...
Run output will be captured here: C:/Users/ADAM/Desktop/ENEL373 Digital Electronics and Devices/CalculatorProject/CalculatorProject/CalculatorProject.runs/impl_1/runme.log
set_property PROBES.FILE {} [get_hw_devices xc7a100t_0]
set_property FULL_PROBES.FILE {} [get_hw_devices xc7a100t_0]
set_property PROGRAM.FILE {C:/Users/ADAM/Desktop/ENEL373 Digital Electronics and Devices/CalculatorProject/CalculatorProject/CalculatorProject.runs/impl_1/CalculatorProject.bit} [get_hw_devices xc7a100t_0]
program_hw_devices [get_hw_devices xc7a100t_0]
INFO: [Labtools 27-3164] End of startup status: HIGH
refresh_hw_device [lindex [get_hw_devices xc7a100t_0] 0]
INFO: [Labtools 27-1434] Device xc7a100t (JTAG device index = 0) is programmed with a design that has no supported debug core(s) in it.
ERROR: [Labtoolstcl 44-513] HW Target shutdown. Closing target: localhost:3121/xilinx_tcf/Digilent/210292AA7C69A
exit
INFO: [Common 17-206] Exiting Vivado at Wed May 19 12:25:08 2021...
